<?xml version="1.0" encoding="UTF-8"?>
<!-- Generated by org.testng.reporters.JUnitReportReporter -->
<testsuite hostname="Sunil-Chauhan" failures="0" tests="1" name="ecommerce.testcases.LoginPageTestCases" time="13.757" errors="0" timestamp="2023-06-06T17:03:02 IST" skipped="0">
  <testcase classname="ecommerce.testcases.LoginPageTestCases" name="LoginFirstTest" time="13.757">
    <system-out>
      <![CDATA[06-Jun-2023 05:02:50 pm : Opening application URL. https://coolstuffqat.fivebelow.com
06-Jun-2023 05:02:55 pm : Accpeting browser cookies
06-Jun-2023 05:02:58 pm : Clicking sign up close button in home page]]>
    </system-out>
  </testcase> <!-- LoginFirstTest -->
  <system-out>
    <![CDATA[06-Jun-2023 05:02:50 pm : Opening application URL. https://coolstuffqat.fivebelow.com
06-Jun-2023 05:02:55 pm : Accpeting browser cookies
06-Jun-2023 05:02:58 pm : Clicking sign up close button in home page]]>
  </system-out>
</testsuite> <!-- ecommerce.testcases.LoginPageTestCases -->
