<?xml version="1.0" encoding="UTF-8"?>
<!-- Generated by org.testng.reporters.JUnitReportReporter -->
<testsuite hostname="Sunil-Chauhan" failures="0" tests="1" name="ecommerce.testcases.LoginPageTestCases" time="13.283" errors="0" timestamp="2023-06-10T20:33:27 IST" skipped="0">
  <testcase classname="ecommerce.testcases.LoginPageTestCases" name="LoginFirstTest" time="13.283">
    <system-out>
      <![CDATA[10-Jun-2023 08:33:16 pm : Opening application URL. https://coolstuffqat.fivebelow.com
10-Jun-2023 08:33:20 pm : Accpeting browser cookies
10-Jun-2023 08:33:24 pm : Clicking sign up close button in home page]]>
    </system-out>
  </testcase> <!-- LoginFirstTest -->
  <system-out>
    <![CDATA[10-Jun-2023 08:33:16 pm : Opening application URL. https://coolstuffqat.fivebelow.com
10-Jun-2023 08:33:20 pm : Accpeting browser cookies
10-Jun-2023 08:33:24 pm : Clicking sign up close button in home page]]>
  </system-out>
</testsuite> <!-- ecommerce.testcases.LoginPageTestCases -->
