<?xml version="1.0" encoding="UTF-8"?>
<!-- Generated by org.testng.reporters.JUnitReportReporter -->
<testsuite hostname="Sunil-Chauhan" failures="0" tests="1" name="ecommerce.testcases.LoginPageTestCases" time="16.642" errors="0" timestamp="2023-06-06T15:24:08 IST" skipped="0">
  <testcase classname="ecommerce.testcases.LoginPageTestCases" name="LoginFirstTest" time="16.642">
    <system-out>
      <![CDATA[06-Jun-2023 03:23:55 pm : Opening application URL. https://coolstuffqat.fivebelow.com
06-Jun-2023 03:24:00 pm : Accpeting browser cookies
06-Jun-2023 03:24:04 pm : Clicking sign up close button in home page]]>
    </system-out>
  </testcase> <!-- LoginFirstTest -->
  <system-out>
    <![CDATA[06-Jun-2023 03:23:55 pm : Opening application URL. https://coolstuffqat.fivebelow.com
06-Jun-2023 03:24:00 pm : Accpeting browser cookies
06-Jun-2023 03:24:04 pm : Clicking sign up close button in home page]]>
  </system-out>
</testsuite> <!-- ecommerce.testcases.LoginPageTestCases -->
