<?xml version="1.0" encoding="UTF-8"?>
<!-- Generated by org.testng.reporters.JUnitReportReporter -->
<testsuite hostname="Sunil-Chauhan" failures="0" tests="1" name="testpkg.testClass" time="0.016" errors="0" timestamp="2023-05-27T11:12:55 IST" skipped="0">
  <testcase classname="testpkg.testClass" name="test" time="0.016"/>
  <system-out/>
</testsuite> <!-- testpkg.testClass -->
